<?xml version="1.0" encoding="UTF-8"?>
<!-- Generated by org.testng.reporters.JUnitReportReporter -->
<testsuite skipped="0" hostname="Anil" name="org.cts.testngexamples.Images" tests="1" failures="0" timestamp="2021-01-10T22:56:07 IST" time="28.880" errors="0">
  <testcase name="clickOnImages" time="28.880" classname="org.cts.testngexamples.Images"/>
  <system-out/>
</testsuite> <!-- org.cts.testngexamples.Images -->
