<?xml version="1.0" encoding="UTF-8"?>
<!-- Generated by org.testng.reporters.JUnitReportReporter -->
<testsuite skipped="0" hostname="Anil" name="org.cts.testngexamples.TestngParameter" tests="2" failures="0" timestamp="2020-12-06T17:10:10 IST" time="14.579" errors="0">
  <testcase name="invokeBrowser" time="12.309" classname="org.cts.testngexamples.TestngParameter"/>
  <system-out/>
  <testcase name="addUsers" time="2.270" classname="org.cts.testngexamples.TestngParameter"/>
  <system-out/>
</testsuite> <!-- org.cts.testngexamples.TestngParameter -->
