<?xml version="1.0" encoding="UTF-8"?>
<!-- Generated by org.testng.reporters.JUnitReportReporter -->
<testsuite skipped="0" hostname="Anil" name="org.cts.testngexamples.CustomerDate" tests="2" failures="0" timestamp="2021-01-11T22:53:40 IST" time="17.343" errors="0">
  <testcase name="createcustomer" time="13.793" classname="org.cts.testngexamples.CustomerDate"/>
  <system-out/>
  <testcase name="selectproduct" time="3.550" classname="org.cts.testngexamples.CustomerDate"/>
  <system-out/>
</testsuite> <!-- org.cts.testngexamples.CustomerDate -->
