<?xml version="1.0" encoding="UTF-8"?>
<!-- Generated by org.testng.reporters.JUnitReportReporter -->
<testsuite skipped="0" hostname="Anil" name="org.cts.testngexamples.Dataprovider" tests="5" failures="0" timestamp="2020-12-05T18:14:39 IST" time="0.034" errors="0">
  <testcase name="test" time="0.021" classname="org.cts.testngexamples.Dataprovider"/>
  <system-out/>
  <testcase name="test" time="0.003" classname="org.cts.testngexamples.Dataprovider"/>
  <system-out/>
  <testcase name="test1" time="0.003" classname="org.cts.testngexamples.Dataprovider"/>
  <system-out/>
  <testcase name="test1" time="0.003" classname="org.cts.testngexamples.Dataprovider"/>
  <system-out/>
  <testcase name="test1" time="0.004" classname="org.cts.testngexamples.Dataprovider"/>
  <system-out/>
</testsuite> <!-- org.cts.testngexamples.Dataprovider -->
